<?xml version="1.0" encoding="utf-8" standalone="no"?>
<test-results xmlns:xsi="http://www.w3.org/2001/XMLSchema-instance" xsi:noNamespaceSchemaLocation="nunit_schema_2.5.xsd" name="Pester" total="50" errors="0" failures="3" not-run="0" inconclusive="0" ignored="0" skipped="0" invalid="0" date="2026-04-08" time="23:40:47">
  <environment os-version="10.0.26200" machine-name="SOLEIL" cwd="C:\Users\Bob\Documents\Script.Powershell.7" user="Bob" platform="Microsoft Windows 11 Pro for Workstations|C:\WINDOWS|\Device\Harddisk0\Partition3" user-domain="SOLEIL" clr-version="10.0.5" nunit-version="2.5.8.0" />
  <culture-info current-culture="en-CA" current-uiculture="en-GB" />
  <test-suite type="TestFixture" name="Pester" executed="True" result="Failure" success="False" time="23.2385" asserts="0" description="Pester">
    <results>
      <test-suite type="TestFixture" name="C:\Users\Bob\Documents\Script.Powershell.7\tests\Invoke-WhatIfValidation.Tests.ps1" executed="True" result="Success" success="True" time="1.6691" asserts="0" description="C:\Users\Bob\Documents\Script.Powershell.7\tests\Invoke-WhatIfValidation.Tests.ps1">
        <results>
          <test-suite type="TestFixture" name="Invoke-WhatIfValidation helper" executed="True" result="Success" success="True" time="0.9089" asserts="0" description="Invoke-WhatIfValidation helper">
            <results>
              <test-case description="resolves pwsh explicitly when the current host is Windows PowerShell" name="Invoke-WhatIfValidation helper.resolves pwsh explicitly when the current host is Windows PowerShell" time="0.7532" asserts="0" success="True" result="Success" executed="True" />
            </results>
          </test-suite>
        </results>
      </test-suite>
      <test-suite type="TestFixture" name="C:\Users\Bob\Documents\Script.Powershell.7\tests\Adobe\Install.AdobeAcrobat.Clean.Tests.ps1" executed="True" result="Success" success="True" time="0.9783" asserts="0" description="C:\Users\Bob\Documents\Script.Powershell.7\tests\Adobe\Install.AdobeAcrobat.Clean.Tests.ps1">
        <results>
          <test-suite type="TestFixture" name="V5 Adobe Acrobat refresh behavior" executed="True" result="Success" success="True" time="0.851" asserts="0" description="V5 Adobe Acrobat refresh behavior">
            <results>
              <test-case description="blocks installer execution when publisher validation fails" name="V5 Adobe Acrobat refresh behavior.blocks installer execution when publisher validation fails" time="0.1766" asserts="0" success="True" result="Success" executed="True" />
              <test-case description="returns a WhatIf result and suppresses Start-Process during preview without elevation" name="V5 Adobe Acrobat refresh behavior.returns a WhatIf result and suppresses Start-Process during preview without elevation" time="0.2845" asserts="0" success="True" result="Success" executed="True" />
              <test-case description="returns a skipped result when the package path is missing during a real run" name="V5 Adobe Acrobat refresh behavior.returns a skipped result when the package path is missing during a real run" time="0.033" asserts="0" success="True" result="Success" executed="True" />
              <test-case description="fails before uninstall work when a non-MSI package is missing install arguments" name="V5 Adobe Acrobat refresh behavior.fails before uninstall work when a non-MSI package is missing install arguments" time="0.0881" asserts="0" success="True" result="Success" executed="True" />
              <test-case description="rewrites contiguous msiexec install switches to uninstall switches" name="V5 Adobe Acrobat refresh behavior.rewrites contiguous msiexec install switches to uninstall switches" time="0.2167" asserts="0" success="True" result="Success" executed="True" />
            </results>
          </test-suite>
        </results>
      </test-suite>
      <test-suite type="TestFixture" name="C:\Users\Bob\Documents\Script.Powershell.7\tests\artifacts\validation\Copy-SandboxWhatIfOutput.Tests.ps1" executed="True" result="Success" success="True" time="0.3278" asserts="0" description="C:\Users\Bob\Documents\Script.Powershell.7\tests\artifacts\validation\Copy-SandboxWhatIfOutput.Tests.ps1">
        <results>
          <test-suite type="TestFixture" name="Sandbox WhatIf output sync helper" executed="True" result="Success" success="True" time="0.1892" asserts="0" description="Sandbox WhatIf output sync helper">
            <results>
              <test-case description="removes stale files that are absent from the current source output" name="Sandbox WhatIf output sync helper.removes stale files that are absent from the current source output" time="0.1234" asserts="0" success="True" result="Success" executed="True" />
            </results>
          </test-suite>
        </results>
      </test-suite>
      <test-suite type="TestFixture" name="C:\Users\Bob\Documents\Script.Powershell.7\tests\artifacts\validation\Invoke-SandboxWhatIfValidation.Tests.ps1" executed="True" result="Success" success="True" time="0.446" asserts="0" description="C:\Users\Bob\Documents\Script.Powershell.7\tests\artifacts\validation\Invoke-SandboxWhatIfValidation.Tests.ps1">
        <results>
          <test-suite type="TestFixture" name="Sandbox WhatIf validation helper" executed="True" result="Success" success="True" time="0.317" asserts="0" description="Sandbox WhatIf validation helper">
            <results>
              <test-case description="returns a failure count and writes a summary when any target fails" name="Sandbox WhatIf validation helper.returns a failure count and writes a summary when any target fails" time="0.2426" asserts="0" success="True" result="Success" executed="True" />
            </results>
          </test-suite>
        </results>
      </test-suite>
      <test-suite type="TestFixture" name="C:\Users\Bob\Documents\Script.Powershell.7\tests\Printer\Deleter.NamePrinter.Tests.ps1" executed="True" result="Success" success="True" time="0.9387" asserts="0" description="C:\Users\Bob\Documents\Script.Powershell.7\tests\Printer\Deleter.NamePrinter.Tests.ps1">
        <results>
          <test-suite type="TestFixture" name="V5 named printer removal behavior" executed="True" result="Success" success="True" time="0.8398" asserts="0" description="V5 named printer removal behavior">
            <results>
              <test-case description="returns a skipped result when the printer name pattern is not configured" name="V5 named printer removal behavior.returns a skipped result when the printer name pattern is not configured" time="0.8097" asserts="0" success="True" result="Success" executed="True" />
            </results>
          </test-suite>
        </results>
      </test-suite>
      <test-suite type="TestFixture" name="C:\Users\Bob\Documents\Script.Powershell.7\tests\Printer\Export.printer.list.Security.Tests.ps1" executed="True" result="Success" success="True" time="3.1171" asserts="0" description="C:\Users\Bob\Documents\Script.Powershell.7\tests\Printer\Export.printer.list.Security.Tests.ps1">
        <results>
          <test-suite type="TestFixture" name="V5 printer export hardening" executed="True" result="Success" success="True" time="2.9912" asserts="0" description="V5 printer export hardening">
            <results>
              <test-case description="uses a secured per-user path and unique file name for the basic export preview" name="V5 printer export hardening.uses a secured per-user path and unique file name for the basic export preview" time="1.269" asserts="0" success="True" result="Success" executed="True" />
              <test-case description="uses a secured per-user path and unique file name for the full export preview" name="V5 printer export hardening.uses a secured per-user path and unique file name for the full export preview" time="1.294" asserts="0" success="True" result="Success" executed="True" />
              <test-case description="restricts the export directory in code" name="V5 printer export hardening.restricts the export directory in code" time="0.0198" asserts="0" success="True" result="Success" executed="True" />
              <test-case description="does not rewrite ACLs when the export directory already exists" name="V5 printer export hardening.does not rewrite ACLs when the export directory already exists" time="0.1957" asserts="0" success="True" result="Success" executed="True" />
              <test-case description="hardens a newly created export directory once" name="V5 printer export hardening.hardens a newly created export directory once" time="0.1939" asserts="0" success="True" result="Success" executed="True" />
            </results>
          </test-suite>
        </results>
      </test-suite>
      <test-suite type="TestFixture" name="C:\Users\Bob\Documents\Script.Powershell.7\tests\Printer\Restart.Spool.DeletePrinterQSimple.Tests.ps1" executed="True" result="Success" success="True" time="1.5296" asserts="0" description="C:\Users\Bob\Documents\Script.Powershell.7\tests\Printer\Restart.Spool.DeletePrinterQSimple.Tests.ps1">
        <results>
          <test-suite type="TestFixture" name="V7 simple spool cleanup" executed="True" result="Success" success="True" time="1.378" asserts="0" description="V7 simple spool cleanup">
            <results>
              <test-case description="returns structured WhatIf output" name="V7 simple spool cleanup.returns structured WhatIf output" time="0.9759" asserts="0" success="True" result="Success" executed="True" />
              <test-case description="waits for stop and start transitions before touching the queue" name="V7 simple spool cleanup.waits for stop and start transitions before touching the queue" time="0.2793" asserts="0" success="True" result="Success" executed="True" />
              <test-case description="returns a skipped result when the spool directory is unavailable" name="V7 simple spool cleanup.returns a skipped result when the spool directory is unavailable" time="0.0749" asserts="0" success="True" result="Success" executed="True" />
            </results>
          </test-suite>
        </results>
      </test-suite>
      <test-suite type="TestFixture" name="C:\Users\Bob\Documents\Script.Powershell.7\tests\Printer\restart.SpoolDeleteQV4.Tests.ps1" executed="True" result="Success" success="True" time="2.2011" asserts="0" description="C:\Users\Bob\Documents\Script.Powershell.7\tests\Printer\restart.SpoolDeleteQV4.Tests.ps1">
        <results>
          <test-suite type="TestFixture" name="V7 logged spool cleanup behavior" executed="True" result="Success" success="True" time="2.0426" asserts="0" description="V7 logged spool cleanup behavior">
            <results>
              <test-case description="returns structured WhatIf output under direct script preview" name="V7 logged spool cleanup behavior.returns structured WhatIf output under direct script preview" time="1.0001" asserts="0" success="True" result="Success" executed="True" />
              <test-case description="honors AllowedExtensions when selecting spool files" name="V7 logged spool cleanup behavior.honors AllowedExtensions when selecting spool files" time="0.3492" asserts="0" success="True" result="Success" executed="True" />
              <test-case description="resolves a secure log path and suppresses transcript, service, and file mutations during WhatIf preview" name="V7 logged spool cleanup behavior.resolves a secure log path and suppresses transcript, service, and file mutations during WhatIf preview" time="0.097" asserts="0" success="True" result="Success" executed="True" />
              <test-case description="matches AllowedExtensions case-insensitively" name="V7 logged spool cleanup behavior.matches AllowedExtensions case-insensitively" time="0.1032" asserts="0" success="True" result="Success" executed="True" />
              <test-case description="does not restart the service when this invocation never stopped it" name="V7 logged spool cleanup behavior.does not restart the service when this invocation never stopped it" time="0.1351" asserts="0" success="True" result="Success" executed="True" />
              <test-case description="restarts the service only when it was running and carries the FP temp cleanup rule" name="V7 logged spool cleanup behavior.restarts the service only when it was running and carries the FP temp cleanup rule" time="0.1927" asserts="0" success="True" result="Success" executed="True" />
              <test-case description="returns a skipped result when the spool directory is unavailable" name="V7 logged spool cleanup behavior.returns a skipped result when the spool directory is unavailable" time="0.0955" asserts="0" success="True" result="Success" executed="True" />
            </results>
          </test-suite>
        </results>
      </test-suite>
      <test-suite type="TestFixture" name="C:\Users\Bob\Documents\Script.Powershell.7\tests\Printer\restart.SpoolDeleteQV4.V5.Tests.ps1" executed="True" result="Success" success="True" time="0.598" asserts="0" description="C:\Users\Bob\Documents\Script.Powershell.7\tests\Printer\restart.SpoolDeleteQV4.V5.Tests.ps1">
        <results>
          <test-suite type="TestFixture" name="V5 logged spool cleanup behavior" executed="True" result="Success" success="True" time="0.444" asserts="0" description="V5 logged spool cleanup behavior">
            <results>
              <test-case description="honors AllowedExtensions when selecting spool files" name="V5 logged spool cleanup behavior.honors AllowedExtensions when selecting spool files" time="0.2936" asserts="0" success="True" result="Success" executed="True" />
              <test-case description="returns a skipped result when the spool directory is unavailable" name="V5 logged spool cleanup behavior.returns a skipped result when the spool directory is unavailable" time="0.0983" asserts="0" success="True" result="Success" executed="True" />
            </results>
          </test-suite>
        </results>
      </test-suite>
      <test-suite type="TestFixture" name="C:\Users\Bob\Documents\Script.Powershell.7\tests\tools\Invoke-PSScriptAnalyzer.Tests.ps1" executed="True" result="Failure" success="False" time="5.2969" asserts="0" description="C:\Users\Bob\Documents\Script.Powershell.7\tests\tools\Invoke-PSScriptAnalyzer.Tests.ps1">
        <results>
          <test-suite type="TestFixture" name="Invoke-PSScriptAnalyzer helper" executed="True" result="Failure" success="False" time="5.1928" asserts="0" description="Invoke-PSScriptAnalyzer helper">
            <results>
              <test-case description="fails validation when analyzer invocation crashes and records the failure in JSON output" name="Invoke-PSScriptAnalyzer helper.fails validation when analyzer invocation crashes and records the failure in JSON output" time="1.1148" asserts="0" success="False" result="Failure" executed="True">
                <failure>
                  <message>Expected 1, but got 0.</message>
                  <stack-trace>at $exitCode | Should -Be 1, C:\Users\Bob\Documents\Script.Powershell.7\tests\tools\Invoke-PSScriptAnalyzer.Tests.ps1:59
at &lt;ScriptBlock&gt;, C:\Users\Bob\Documents\Script.Powershell.7\tests\tools\Invoke-PSScriptAnalyzer.Tests.ps1:59</stack-trace>
                </failure>
              </test-case>
              <test-case description="overwrites the JSON artifact with an empty array when no findings are returned" name="Invoke-PSScriptAnalyzer helper.overwrites the JSON artifact with an empty array when no findings are returned" time="1.0908" asserts="0" success="False" result="Failure" executed="True">
                <failure>
                  <message>Expected regular expression 'No findings\. All checks passed\.' to match '[ OK  ] Using PSScriptAnalyzer version 1.25.0.
[WARN ] No PowerShell files found for analysis.', but it did not match.</message>
                  <stack-trace>at ($outputLines -join [Environment]::NewLine) | Should -Match 'No findings\. All checks passed\.', C:\Users\Bob\Documents\Script.Powershell.7\tests\tools\Invoke-PSScriptAnalyzer.Tests.ps1:103
at &lt;ScriptBlock&gt;, C:\Users\Bob\Documents\Script.Powershell.7\tests\tools\Invoke-PSScriptAnalyzer.Tests.ps1:103</stack-trace>
                </failure>
              </test-case>
              <test-case description="returns clean empty artifacts when no PowerShell files are present" name="Invoke-PSScriptAnalyzer helper.returns clean empty artifacts when no PowerShell files are present" time="0.9934" asserts="0" success="True" result="Success" executed="True" />
              <test-case description="analyzes multiple files in one batch invocation" name="Invoke-PSScriptAnalyzer helper.analyzes multiple files in one batch invocation" time="1.053" asserts="0" success="False" result="Failure" executed="True">
                <failure>
                  <message>Expected 2, but got 0.</message>
                  <stack-trace>at $resultWarnings.Count | Should -Be 2, C:\Users\Bob\Documents\Script.Powershell.7\tests\tools\Invoke-PSScriptAnalyzer.Tests.ps1:176
at &lt;ScriptBlock&gt;, C:\Users\Bob\Documents\Script.Powershell.7\tests\tools\Invoke-PSScriptAnalyzer.Tests.ps1:176</stack-trace>
                </failure>
              </test-case>
              <test-case description="does not surface analyzer invocation failures for the previously crashing repo files" name="Invoke-PSScriptAnalyzer helper.does not surface analyzer invocation failures for the previously crashing repo files" time="0.9319" asserts="0" success="True" result="Success" executed="True" />
            </results>
          </test-suite>
        </results>
      </test-suite>
      <test-suite type="TestFixture" name="C:\Users\Bob\Documents\Script.Powershell.7\tests\windows-maintenance\Move-OrphanedInstallerFiles.Tests.ps1" executed="True" result="Success" success="True" time="2.7591" asserts="0" description="C:\Users\Bob\Documents\Script.Powershell.7\tests\windows-maintenance\Move-OrphanedInstallerFiles.Tests.ps1">
        <results>
          <test-suite type="TestFixture" name="V7 installer orphan move behavior" executed="True" result="Success" success="True" time="2.6031" asserts="0" description="V7 installer orphan move behavior">
            <results>
              <test-case description="returns a preview-safe WhatIf result object" name="V7 installer orphan move behavior.returns a preview-safe WhatIf result object" time="1.8781" asserts="0" success="True" result="Success" executed="True" />
              <test-case description="skips reparse points and suppresses Move-Item during WhatIf preview" name="V7 installer orphan move behavior.skips reparse points and suppresses Move-Item during WhatIf preview" time="0.2983" asserts="0" success="True" result="Success" executed="True" />
              <test-case description="adds a timestamp suffix before moving when the quarantine target already exists" name="V7 installer orphan move behavior.adds a timestamp suffix before moving when the quarantine target already exists" time="0.2354" asserts="0" success="True" result="Success" executed="True" />
              <test-case description="returns a skipped result without creating quarantine when no installer references exist" name="V7 installer orphan move behavior.returns a skipped result without creating quarantine when no installer references exist" time="0.0546" asserts="0" success="True" result="Success" executed="True" />
              <test-case description="throws when every registry reference read fails" name="V7 installer orphan move behavior.throws when every registry reference read fails" time="0.0918" asserts="0" success="True" result="Success" executed="True" />
            </results>
          </test-suite>
        </results>
      </test-suite>
      <test-suite type="TestFixture" name="C:\Users\Bob\Documents\Script.Powershell.7\tests\windows-maintenance\Nettoyage.Avance.Windows.Sauf.logserreur.Tests.ps1" executed="True" result="Success" success="True" time="1.2663" asserts="0" description="C:\Users\Bob\Documents\Script.Powershell.7\tests\windows-maintenance\Nettoyage.Avance.Windows.Sauf.logserreur.Tests.ps1">
        <results>
          <test-suite type="TestFixture" name="V7 advanced cleanup" executed="True" result="Success" success="True" time="1.1281" asserts="0" description="V7 advanced cleanup">
            <results>
              <test-case description="supports safe preview without elevation and returns the cleanup status contract" name="V7 advanced cleanup.supports safe preview without elevation and returns the cleanup status contract" time="0.8547" asserts="0" success="True" result="Success" executed="True" />
              <test-case description="counts only successful removals and skips Windows.old trust resolution when removal is disabled" name="V7 advanced cleanup.counts only successful removals and skips Windows.old trust resolution when removal is disabled" time="0.1993" asserts="0" success="True" result="Success" executed="True" />
            </results>
          </test-suite>
        </results>
      </test-suite>
      <test-suite type="TestFixture" name="C:\Users\Bob\Documents\Script.Powershell.7\tests\windows-maintenance\Nettoyage.Complet.Caches.Windows.Tests.ps1" executed="True" result="Success" success="True" time="0.2604" asserts="0" description="C:\Users\Bob\Documents\Script.Powershell.7\tests\windows-maintenance\Nettoyage.Complet.Caches.Windows.Tests.ps1">
        <results>
          <test-suite type="TestFixture" name="V5 complete cleanup hardening" executed="True" result="Success" success="True" time="0.1764" asserts="0" description="V5 complete cleanup hardening">
            <results>
              <test-case description="uses trusted cleanup specs and reparse-point guards" name="V5 complete cleanup hardening.uses trusted cleanup specs and reparse-point guards" time="0.0082" asserts="0" success="True" result="Success" executed="True" />
              <test-case description="counts only successful removals across update and cache cleanup loops" name="V5 complete cleanup hardening.counts only successful removals across update and cache cleanup loops" time="0.1532" asserts="0" success="True" result="Success" executed="True" />
            </results>
          </test-suite>
        </results>
      </test-suite>
      <test-suite type="TestFixture" name="C:\Users\Bob\Documents\Script.Powershell.7\tests\windows-maintenance\Reset.Network.RebootPC.Tests.ps1" executed="True" result="Success" success="True" time="1.1621" asserts="0" description="C:\Users\Bob\Documents\Script.Powershell.7\tests\windows-maintenance\Reset.Network.RebootPC.Tests.ps1">
        <results>
          <test-suite type="TestFixture" name="V7 network reset and reboot behavior" executed="True" result="Success" success="True" time="1.0212" asserts="0" description="V7 network reset and reboot behavior">
            <results>
              <test-case description="returns a preview-safe WhatIf summary" name="V7 network reset and reboot behavior.returns a preview-safe WhatIf summary" time="0.7517" asserts="0" success="True" result="Success" executed="True" />
              <test-case description="returns a skipped result in Windows Sandbox without running commands" name="V7 network reset and reboot behavior.returns a skipped result in Windows Sandbox without running commands" time="0.0385" asserts="0" success="True" result="Success" executed="True" />
              <test-case description="requires elevation for non-WhatIf runs" name="V7 network reset and reboot behavior.requires elevation for non-WhatIf runs" time="0.024" asserts="0" success="True" result="Success" executed="True" />
              <test-case description="fails when a native network command returns a non-zero exit code" name="V7 network reset and reboot behavior.fails when a native network command returns a non-zero exit code" time="0.0308" asserts="0" success="True" result="Success" executed="True" />
              <test-case description="fails when the reboot command returns a non-zero exit code" name="V7 network reset and reboot behavior.fails when the reboot command returns a non-zero exit code" time="0.0431" asserts="0" success="True" result="Success" executed="True" />
              <test-case description="continues past allowed non-zero exit codes for adapter-specific ipconfig commands" name="V7 network reset and reboot behavior.continues past allowed non-zero exit codes for adapter-specific ipconfig commands" time="0.0758" asserts="0" success="True" result="Success" executed="True" />
            </results>
          </test-suite>
        </results>
      </test-suite>
      <test-suite type="TestFixture" name="C:\Users\Bob\Documents\Script.Powershell.7\tests\WindowsServer\FichierOphelin.Tests.ps1" executed="True" result="Success" success="True" time="0.688" asserts="0" description="C:\Users\Bob\Documents\Script.Powershell.7\tests\WindowsServer\FichierOphelin.Tests.ps1">
        <results>
          <test-suite type="TestFixture" name="V5 installer orphan cleanup behavior" executed="True" result="Success" success="True" time="0.5638" asserts="0" description="V5 installer orphan cleanup behavior">
            <results>
              <test-case description="skips reparse points and suppresses Move-Item during WhatIf preview" name="V5 installer orphan cleanup behavior.skips reparse points and suppresses Move-Item during WhatIf preview" time="0.2219" asserts="0" success="True" result="Success" executed="True" />
              <test-case description="adds a timestamp suffix before moving when the quarantine target already exists" name="V5 installer orphan cleanup behavior.adds a timestamp suffix before moving when the quarantine target already exists" time="0.1361" asserts="0" success="True" result="Success" executed="True" />
              <test-case description="returns a skipped result without creating quarantine when no installer references exist" name="V5 installer orphan cleanup behavior.returns a skipped result without creating quarantine when no installer references exist" time="0.0635" asserts="0" success="True" result="Success" executed="True" />
              <test-case description="throws when every registry reference read fails" name="V5 installer orphan cleanup behavior.throws when every registry reference read fails" time="0.0834" asserts="0" success="True" result="Success" executed="True" />
            </results>
          </test-suite>
        </results>
      </test-suite>
    </results>
  </test-suite>
</test-results>